# JRE version: OpenJDK Runtime Environment Temurin-21.0.4+7 (21.0.4+7) (build 21.0.4+7-LTS)
# Java VM: OpenJDK 64-Bit Server VM Temurin-21.0.4+7 (21.0.4+7-LTS, mixed mode, emulated-client, tiered, compressed oops, compressed class ptrs, g1 gc, bsd-aarch64)
GC Precious Log:
 CardTable entry size: 512
 Card Set container configuration: InlinePtr #cards 5 size 8 Array Of Cards #cards 12 size 40 Howl #buckets 4 coarsen threshold 1843 Howl Bitmap #cards 512 size 80 coarsen threshold 460 Card regions per heap region 1 cards per card region 2048
 CPUs: 8 total, 8 available
 Memory: 8192M
 Large Page Support: Disabled
 NUMA Support: Disabled
 Compressed Oops: Enabled (Zero based)
 Heap Region Size: 1M
 Heap Min Capacity: 8M
 Heap Initial Capacity: 128M
 Heap Max Capacity: 2G
 Pre-touch: Disabled
 Parallel Workers: 8
 Concurrent Workers: 2
 Concurrent Refinement Workers: 8
 Periodic GC: Disabled
Heap:
 garbage-first heap   total 55296K, used 45380K [0x0000000780000000, 0x0000000800000000)
  region size 1024K, 28 young (28672K), 2 survivors (2048K)
 Metaspace       used 49608K, committed 50240K, reserved 1114112K
  class space    used 6193K, committed 6464K, reserved 1048576K
GC Heap History (20 events):
Event: 1165.223 GC heap after
{Heap after GC invocations=45 (full 16):
 garbage-first heap   total 55296K, used 15822K [0x0000000780000000, 0x0000000800000000)
  region size 1024K, 0 young (0K), 0 survivors (0K)
 Metaspace       used 49401K, committed 50048K, reserved 1114112K
  class space    used 6143K, committed 6400K, reserved 1048576K
}
Event: 1194.808 GC heap before
{Heap before GC invocations=45 (full 16):
 garbage-first heap   total 55296K, used 46542K [0x0000000780000000, 0x0000000800000000)
  region size 1024K, 30 young (30720K), 0 survivors (0K)
 Metaspace       used 49423K, committed 50048K, reserved 1114112K
  class space    used 6148K, committed 6400K, reserved 1048576K
}
Event: 1194.824 GC heap after
{Heap after GC invocations=46 (full 16):
 garbage-first heap   total 55296K, used 18257K [0x0000000780000000, 0x0000000800000000)
  region size 1024K, 3 young (3072K), 3 survivors (3072K)
 Metaspace       used 49423K, committed 50048K, reserved 1114112K
  class space    used 6148K, committed 6400K, reserved 1048576K
}
Event: 1563.499 GC heap before
{Heap before GC invocations=46 (full 16):
 garbage-first heap   total 55296K, used 37713K [0x0000000780000000, 0x0000000800000000)
  region size 1024K, 23 young (23552K), 3 survivors (3072K)
 Metaspace       used 49426K, committed 50048K, reserved 1114112K
  class space    used 6148K, committed 6400K, reserved 1048576K
}
Event: 1563.526 GC heap after
{Heap after GC invocations=47 (full 17):
 garbage-first heap   total 55296K, used 15828K [0x0000000780000000, 0x0000000800000000)
  region size 1024K, 0 young (0K), 0 survivors (0K)
 Metaspace       used 49423K, committed 50048K, reserved 1114112K
  class space    used 6148K, committed 6400K, reserved 1048576K
}
Event: 1574.142 GC heap before
{Heap before GC invocations=47 (full 17):
 garbage-first heap   total 55296K, used 45524K [0x0000000780000000, 0x0000000800000000)
  region size 1024K, 29 young (29696K), 0 survivors (0K)
 Metaspace       used 49453K, committed 50048K, reserved 1114112K
  class space    used 6156K, committed 6400K, reserved 1048576K
}
Event: 1574.145 GC heap after
{Heap after GC invocations=48 (full 17):
 garbage-first heap   total 55296K, used 18043K [0x0000000780000000, 0x0000000800000000)
  region size 1024K, 3 young (3072K), 3 survivors (3072K)
 Metaspace       used 49453K, committed 50048K, reserved 1114112K
  class space    used 6156K, committed 6400K, reserved 1048576K
}
Event: 1574.148 GC heap before
{Heap before GC invocations=48 (full 17):
 garbage-first heap   total 55296K, used 18043K [0x0000000780000000, 0x0000000800000000)
  region size 1024K, 4 young (4096K), 3 survivors (3072K)
 Metaspace       used 49456K, committed 50048K, reserved 1114112K
  class space    used 6156K, committed 6400K, reserved 1048576K
}
Event: 1574.166 GC heap after
{Heap after GC invocations=49 (full 18):
 garbage-first heap   total 55296K, used 15923K [0x0000000780000000, 0x0000000800000000)
  region size 1024K, 0 young (0K), 0 survivors (0K)
 Metaspace       used 49453K, committed 50048K, reserved 1114112K
  class space    used 6156K, committed 6400K, reserved 1048576K
}
Event: 1590.857 GC heap before
{Heap before GC invocations=49 (full 18):
 garbage-first heap   total 55296K, used 45619K [0x0000000780000000, 0x0000000800000000)
  region size 1024K, 30 young (30720K), 0 survivors (0K)
 Metaspace       used 49500K, committed 50112K, reserved 1114112K
  class space    used 6168K, committed 6400K, reserved 1048576K
}
Event: 1590.859 GC heap after
{Heap after GC invocations=50 (full 18):
 garbage-first heap   total 55296K, used 17833K [0x0000000780000000, 0x0000000800000000)
  region size 1024K, 2 young (2048K), 2 survivors (2048K)
 Metaspace       used 49500K, committed 50112K, reserved 1114112K
  class space    used 6168K, committed 6400K, reserved 1048576K
}
Event: 1766.041 GC heap before
{Heap before GC invocations=50 (full 18):
 garbage-first heap   total 55296K, used 46505K [0x0000000780000000, 0x0000000800000000)
  region size 1024K, 30 young (30720K), 2 survivors (2048K)
 Metaspace       used 49526K, committed 50112K, reserved 1114112K
  class space    used 6175K, committed 6400K, reserved 1048576K
}
Event: 1766.056 GC heap after
{Heap after GC invocations=51 (full 18):
 garbage-first heap   total 55296K, used 18180K [0x0000000780000000, 0x0000000800000000)
  region size 1024K, 3 young (3072K), 3 survivors (3072K)
 Metaspace       used 49526K, committed 50112K, reserved 1114112K
  class space    used 6175K, committed 6400K, reserved 1048576K
}
Event: 2005.204 GC heap before
{Heap before GC invocations=51 (full 18):
 garbage-first heap   total 55296K, used 45828K [0x0000000780000000, 0x0000000800000000)
  region size 1024K, 30 young (30720K), 3 survivors (3072K)
 Metaspace       used 49535K, committed 50112K, reserved 1114112K
  class space    used 6178K, committed 6400K, reserved 1048576K
}
Event: 2005.205 GC heap after
{Heap after GC invocations=52 (full 18):
 garbage-first heap   total 55296K, used 18108K [0x0000000780000000, 0x0000000800000000)
  region size 1024K, 2 young (2048K), 2 survivors (2048K)
 Metaspace       used 49535K, committed 50112K, reserved 1114112K
  class space    used 6178K, committed 6400K, reserved 1048576K
}
Event: 2175.357 GC heap before
{Heap before GC invocations=52 (full 18):
 garbage-first heap   total 55296K, used 46780K [0x0000000780000000, 0x0000000800000000)
  region size 1024K, 30 young (30720K), 2 survivors (2048K)
 Metaspace       used 49554K, committed 50112K, reserved 1114112K
  class space    used 6182K, committed 6400K, reserved 1048576K
}
Event: 2175.368 GC heap after
{Heap after GC invocations=53 (full 18):
 garbage-first heap   total 55296K, used 18272K [0x0000000780000000, 0x0000000800000000)
  region size 1024K, 2 young (2048K), 2 survivors (2048K)
 Metaspace       used 49554K, committed 50112K, reserved 1114112K
  class space    used 6182K, committed 6400K, reserved 1048576K
}
Event: 2247.291 GC heap before
{Heap before GC invocations=53 (full 18):
 garbage-first heap   total 55296K, used 46944K [0x0000000780000000, 0x0000000800000000)
  region size 1024K, 30 young (30720K), 2 survivors (2048K)
 Metaspace       used 49577K, committed 50176K, reserved 1114112K
  class space    used 6187K, committed 6400K, reserved 1048576K
}
Event: 2247.296 GC heap after
{Heap after GC invocations=54 (full 18):
 garbage-first heap   total 55296K, used 18756K [0x0000000780000000, 0x0000000800000000)
  region size 1024K, 3 young (3072K), 3 survivors (3072K)
 Metaspace       used 49577K, committed 50176K, reserved 1114112K
  class space    used 6187K, committed 6400K, reserved 1048576K
}
Event: 2526.318 GC heap before
{Heap before GC invocations=54 (full 18):
 garbage-first heap   total 55296K, used 45380K [0x0000000780000000, 0x0000000800000000)
  region size 1024K, 29 young (29696K), 3 survivors (3072K)
 Metaspace       used 49608K, committed 50240K, reserved 1114112K
  class space    used 6193K, committed 6464K, reserved 1048576K
}

